<?xml version="1.0" encoding="UTF-8"?>
<testsuite xmlns:xsi="http://www.w3.org/2001/XMLSchema-instance" xsi:noNamespaceSchemaLocation="https://maven.apache.org/surefire/maven-surefire-plugin/xsd/surefire-test-report.xsd" name="userTest.RegisterUserTest" time="3.024" tests="5" errors="0" skipped="0" failures="0">
  <properties>
[...]
</properties>
  <testcase name="createUniqueUser" classname="userTest.RegisterUserTest" time="0.61"/>
  <testcase name="createUserExistingData" classname="userTest.RegisterUserTest" time="0.827"/>
  <testcase name="createUserWithoutEmailError" classname="userTest.RegisterUserTest" time="1.041"/>
  <testcase name="createUserWithoutNameError" classname="userTest.RegisterUserTest" time="0.245"/>
  <testcase name="createUserWithoutPasswordError" classname="userTest.RegisterUserTest" time="0.296"/>
</testsuite>